Flow report for DPLL
Fri Jul 26 10:29:24 2019
Quartus Prime Version 18.1.0 Build 625 09/12/2018 SJ Lite Edition


---------------------
; Table of Contents ;
---------------------
  1. Legal Notice
  2. Flow Summary
  3. Flow Settings
  4. Flow Non-Default Global Settings
  5. Flow Elapsed Time
  6. Flow OS Summary
  7. Flow Log
  8. Flow Messages
  9. Flow Suppressed Messages



----------------
; Legal Notice ;
----------------
Copyright (C) 2018  Intel Corporation. All rights reserved.
Your use of Intel Corporation's design tools, logic functions 
and other software and tools, and its AMPP partner logic 
functions, and any output files from any of the foregoing 
(including device programming or simulation files), and any 
associated documentation or information are expressly subject 
to the terms and conditions of the Intel Program License 
Subscription Agreement, the Intel Quartus Prime License Agreement,
the Intel FPGA IP License Agreement, or other applicable license
agreement, including, without limitation, that your use is for
the sole purpose of programming logic devices manufactured by
Intel and sold by Intel or its authorized distributors.  Please
refer to the applicable agreement for further details.



+----------------------------------------------------------------------------------+
; Flow Summary                                                                     ;
+------------------------------------+---------------------------------------------+
; Flow Status                        ; Successful - Fri Jul 26 10:29:24 2019       ;
; Quartus Prime Version              ; 18.1.0 Build 625 09/12/2018 SJ Lite Edition ;
; Revision Name                      ; DPLL                                        ;
; Top-level Entity Name              ; main                                        ;
; Family                             ; MAX 10                                      ;
; Device                             ; 10M02SCM153I7G                              ;
; Timing Models                      ; Final                                       ;
; Total logic elements               ; 53 / 2,304 ( 2 % )                          ;
;     Total combinational functions  ; 51 / 2,304 ( 2 % )                          ;
;     Dedicated logic registers      ; 32 / 2,304 ( 1 % )                          ;
; Total registers                    ; 32                                          ;
; Total pins                         ; 5 / 112 ( 4 % )                             ;
; Total virtual pins                 ; 0                                           ;
; Total memory bits                  ; 0 / 110,592 ( 0 % )                         ;
; Embedded Multiplier 9-bit elements ; 0 / 32 ( 0 % )                              ;
; Total PLLs                         ; 0 / 1 ( 0 % )                               ;
; UFM blocks                         ; 0 / 1 ( 0 % )                               ;
; ADC blocks                         ; 0                                           ;
+------------------------------------+---------------------------------------------+


+-----------------------------------------+
; Flow Settings                           ;
+-------------------+---------------------+
; Option            ; Setting             ;
+-------------------+---------------------+
; Start date & time ; 07/26/2019 10:28:53 ;
; Main task         ; Compilation         ;
; Revision Name     ; DPLL                ;
+-------------------+---------------------+


+-----------------------------------------------------------------------------------------------------------------------------+
; Flow Non-Default Global Settings                                                                                            ;
+-------------------------------------+----------------------------------------+---------------+-------------+----------------+
; Assignment Name                     ; Value                                  ; Default Value ; Entity Name ; Section Id     ;
+-------------------------------------+----------------------------------------+---------------+-------------+----------------+
; COMPILER_SIGNATURE_ID               ; 154027278233971.156410813211096        ; --            ; --          ; --             ;
; EDA_OUTPUT_DATA_FORMAT              ; Verilog Hdl                            ; --            ; --          ; eda_simulation ;
; EDA_SIMULATION_TOOL                 ; ModelSim-Altera (Verilog)              ; <None>        ; --          ; --             ;
; EDA_TIME_SCALE                      ; 1 ps                                   ; --            ; --          ; eda_simulation ;
; FLOW_ENABLE_POWER_ANALYZER          ; On                                     ; Off           ; --          ; --             ;
; MAX_CORE_JUNCTION_TEMP              ; 100                                    ; --            ; --          ; --             ;
; MIN_CORE_JUNCTION_TEMP              ; -40                                    ; --            ; --          ; --             ;
; OUTPUT_IO_TIMING_FAR_END_VMEAS      ; Half Signal Swing                      ; --            ; --          ; --             ;
; OUTPUT_IO_TIMING_FAR_END_VMEAS      ; Half Signal Swing                      ; --            ; --          ; --             ;
; OUTPUT_IO_TIMING_NEAR_END_VMEAS     ; Half Vccio                             ; --            ; --          ; --             ;
; OUTPUT_IO_TIMING_NEAR_END_VMEAS     ; Half Vccio                             ; --            ; --          ; --             ;
; PARTITION_COLOR                     ; -- (Not supported for targeted family) ; --            ; main        ; Top            ;
; PARTITION_FITTER_PRESERVATION_LEVEL ; -- (Not supported for targeted family) ; --            ; main        ; Top            ;
; PARTITION_NETLIST_TYPE              ; -- (Not supported for targeted family) ; --            ; main        ; Top            ;
; POWER_BOARD_THERMAL_MODEL           ; None (CONSERVATIVE)                    ; --            ; --          ; --             ;
; POWER_DEFAULT_INPUT_IO_TOGGLE_RATE  ; 12.5 %                                 ; 12.5%         ; --          ; --             ;
; POWER_PRESET_COOLING_SOLUTION       ; 23 MM HEAT SINK WITH 200 LFPM AIRFLOW  ; --            ; --          ; --             ;
; PROJECT_OUTPUT_DIRECTORY            ; output_files                           ; --            ; --          ; --             ;
; TOP_LEVEL_ENTITY                    ; main                                   ; DPLL          ; --          ; --             ;
+-------------------------------------+----------------------------------------+---------------+-------------+----------------+


+--------------------------------------------------------------------------------------------------------------------------+
; Flow Elapsed Time                                                                                                        ;
+----------------------+--------------+-------------------------+---------------------+------------------------------------+
; Module Name          ; Elapsed Time ; Average Processors Used ; Peak Virtual Memory ; Total CPU Time (on all processors) ;
+----------------------+--------------+-------------------------+---------------------+------------------------------------+
; Analysis & Synthesis ; 00:00:13     ; 1.0                     ; 4785 MB             ; 00:00:24                           ;
; Fitter               ; 00:00:06     ; 1.0                     ; 5564 MB             ; 00:00:05                           ;
; Assembler            ; 00:00:01     ; 1.0                     ; 4692 MB             ; 00:00:01                           ;
; Power Analyzer       ; 00:00:01     ; 1.0                     ; 4830 MB             ; 00:00:02                           ;
; Timing Analyzer      ; 00:00:02     ; 1.0                     ; 4789 MB             ; 00:00:02                           ;
; EDA Netlist Writer   ; 00:00:01     ; 1.0                     ; 4657 MB             ; 00:00:01                           ;
; Total                ; 00:00:24     ; --                      ; --                  ; 00:00:35                           ;
+----------------------+--------------+-------------------------+---------------------+------------------------------------+


+------------------------------------------------------------------------------------+
; Flow OS Summary                                                                    ;
+----------------------+------------------+------------+------------+----------------+
; Module Name          ; Machine Hostname ; OS Name    ; OS Version ; Processor type ;
+----------------------+------------------+------------+------------+----------------+
; Analysis & Synthesis ; LAPTOP           ; Windows 10 ; 10.0       ; x86_64         ;
; Fitter               ; LAPTOP           ; Windows 10 ; 10.0       ; x86_64         ;
; Assembler            ; LAPTOP           ; Windows 10 ; 10.0       ; x86_64         ;
; Power Analyzer       ; LAPTOP           ; Windows 10 ; 10.0       ; x86_64         ;
; Timing Analyzer      ; LAPTOP           ; Windows 10 ; 10.0       ; x86_64         ;
; EDA Netlist Writer   ; LAPTOP           ; Windows 10 ; 10.0       ; x86_64         ;
+----------------------+------------------+------------+------------+----------------+


------------
; Flow Log ;
------------
quartus_map --read_settings_files=on --write_settings_files=off DPLL -c DPLL
quartus_fit --read_settings_files=off --write_settings_files=off DPLL -c DPLL
quartus_asm --read_settings_files=off --write_settings_files=off DPLL -c DPLL
quartus_pow --read_settings_files=off --write_settings_files=off DPLL -c DPLL
quartus_sta DPLL -c DPLL
quartus_eda --read_settings_files=off --write_settings_files=off DPLL -c DPLL



